<?xml version="1.0" encoding="UTF-8"?>
<!-- Generated by org.testng.reporters.JUnitReportReporter -->
<testsuite hostname="DESKTOP-IKKEFM3" failures="0" tests="1" name="testCases.TC_002_LoginTest" time="2.488" errors="0" timestamp="2024-08-28T16:56:23 IST" skipped="0">
  <testcase classname="testCases.TC_002_LoginTest" name="verifyLoginCredentials" time="2.488"/>
</testsuite> <!-- testCases.TC_002_LoginTest -->
