<?xml version="1.0" encoding="UTF-8"?>
<!-- Generated by org.testng.reporters.JUnitReportReporter -->
<testsuite hostname="DESKTOP-IKKEFM3" failures="0" tests="1" name="testCases.TC_001_AccountRegisterationTest" time="5.136" errors="0" timestamp="2024-08-28T16:56:23 IST" skipped="0">
  <testcase classname="testCases.TC_001_AccountRegisterationTest" name="verifyAccountRegisteration" time="5.136"/>
</testsuite> <!-- testCases.TC_001_AccountRegisterationTest -->
